<?xml version="1.0" encoding="UTF-8"?>
<!-- Generated by org.testng.reporters.JUnitReportReporter -->
<testsuite hostname="W70147" name="com.qa.phpTravels.pageTests.HomeTest" tests="2" failures="0" timestamp="20 Oct 2020 12:19:05 GMT" time="1.648" errors="0">
  <testcase name="is_presentTEST" time="0.212" classname="com.qa.phpTravels.pageTests.HomeTest"/>
  <testcase name="countLinksTEST" time="1.436" classname="com.qa.phpTravels.pageTests.HomeTest"/>
</testsuite> <!-- com.qa.phpTravels.pageTests.HomeTest -->
